<?xml version="1.0" encoding="UTF-8"?>
<!-- Generated by org.testng.reporters.JUnitReportReporter -->
<testsuite hostname="RAYAN" failures="0" tests="1" name="Boishaky_TestRunner.Boishaky_TestRunner" time="6.106" errors="0" timestamp="2023-10-03T02:18:27 EDT" skipped="0">
  <testcase classname="Boishaky_TestRunner.Boishaky_TestRunner" name="feature" time="6.106"/>
</testsuite> <!-- Boishaky_TestRunner.Boishaky_TestRunner -->
